Started GET "/articles" for 127.0.0.1 at 2018-10-29 02:02:47 -0700

ActiveRecord::PendingMigrationError - 

Migrations are pending. To resolve this issue, run:

        bin/rails db:migrate RAILS_ENV=development

:
  activerecord (5.1.1) lib/active_record/migration.rb:576:in `check_pending!'
  activerecord (5.1.1) lib/active_record/migration.rb:553:in `call'
  actionpack (5.1.1) lib/action_dispatch/middleware/callbacks.rb:26:in `block in call'
  activesupport (5.1.1) lib/active_support/callbacks.rb:97:in `run_callbacks'
  actionpack (5.1.1) lib/action_dispatch/middleware/callbacks.rb:24:in `call'
  actionpack (5.1.1) lib/action_dispatch/middleware/executor.rb:12:in `call'
  better_errors (2.1.1) lib/better_errors/middleware.rb:84:in `protected_app_call'
  better_errors (2.1.1) lib/better_errors/middleware.rb:79:in `better_errors_call'
  better_errors (2.1.1) lib/better_errors/middleware.rb:57:in `call'
  actionpack (5.1.1) lib/action_dispatch/middleware/debug_exceptions.rb:59:in `call'
  web-console (3.5.1) lib/web_console/middleware.rb:135:in `call_app'
  web-console (3.5.1) lib/web_console/middleware.rb:28:in `block in call'
  web-console (3.5.1) lib/web_console/middleware.rb:18:in `catch'
  web-console (3.5.1) lib/web_console/middleware.rb:18:in `call'
  actionpack (5.1.1) lib/action_dispatch/middleware/show_exceptions.rb:31:in `call'
  railties (5.1.1) lib/rails/rack/logger.rb:36:in `call_app'
  railties (5.1.1) lib/rails/rack/logger.rb:24:in `block in call'
  activesupport (5.1.1) lib/active_support/tagged_logging.rb:69:in `block in tagged'
  activesupport (5.1.1) lib/active_support/tagged_logging.rb:26:in `tagged'
  activesupport (5.1.1) lib/active_support/tagged_logging.rb:69:in `tagged'
  railties (5.1.1) lib/rails/rack/logger.rb:24:in `call'
  sprockets-rails (3.2.0) lib/sprockets/rails/quiet_assets.rb:13:in `call'
  actionpack (5.1.1) lib/action_dispatch/middleware/remote_ip.rb:79:in `call'
  actionpack (5.1.1) lib/action_dispatch/middleware/request_id.rb:25:in `call'
  rack (2.0.3) lib/rack/method_override.rb:22:in `call'
  rack (2.0.3) lib/rack/runtime.rb:22:in `call'
  activesupport (5.1.1) lib/active_support/cache/strategy/local_cache_middleware.rb:27:in `call'
  actionpack (5.1.1) lib/action_dispatch/middleware/executor.rb:12:in `call'
  actionpack (5.1.1) lib/action_dispatch/middleware/static.rb:125:in `call'
  rack (2.0.3) lib/rack/sendfile.rb:111:in `call'
  railties (5.1.1) lib/rails/engine.rb:522:in `call'
  puma (3.8.2) lib/puma/configuration.rb:224:in `call'
  puma (3.8.2) lib/puma/server.rb:600:in `handle_request'
  puma (3.8.2) lib/puma/server.rb:435:in `process_client'
  puma (3.8.2) lib/puma/server.rb:299:in `block in run'
  puma (3.8.2) lib/puma/thread_pool.rb:120:in `block in spawn_thread'

Started POST "/__better_errors/a770234c293bd2d7/variables" for 127.0.0.1 at 2018-10-29 02:02:47 -0700
Started GET "/" for 127.0.0.1 at 2018-10-29 02:02:54 -0700

ActiveRecord::PendingMigrationError - 

Migrations are pending. To resolve this issue, run:

        bin/rails db:migrate RAILS_ENV=development

:
  activerecord (5.1.1) lib/active_record/migration.rb:576:in `check_pending!'
  activerecord (5.1.1) lib/active_record/migration.rb:553:in `call'
  actionpack (5.1.1) lib/action_dispatch/middleware/callbacks.rb:26:in `block in call'
  activesupport (5.1.1) lib/active_support/callbacks.rb:97:in `run_callbacks'
  actionpack (5.1.1) lib/action_dispatch/middleware/callbacks.rb:24:in `call'
  actionpack (5.1.1) lib/action_dispatch/middleware/executor.rb:12:in `call'
  better_errors (2.1.1) lib/better_errors/middleware.rb:84:in `protected_app_call'
  better_errors (2.1.1) lib/better_errors/middleware.rb:79:in `better_errors_call'
  better_errors (2.1.1) lib/better_errors/middleware.rb:57:in `call'
  actionpack (5.1.1) lib/action_dispatch/middleware/debug_exceptions.rb:59:in `call'
  web-console (3.5.1) lib/web_console/middleware.rb:135:in `call_app'
  web-console (3.5.1) lib/web_console/middleware.rb:28:in `block in call'
  web-console (3.5.1) lib/web_console/middleware.rb:18:in `catch'
  web-console (3.5.1) lib/web_console/middleware.rb:18:in `call'
  actionpack (5.1.1) lib/action_dispatch/middleware/show_exceptions.rb:31:in `call'
  railties (5.1.1) lib/rails/rack/logger.rb:36:in `call_app'
  railties (5.1.1) lib/rails/rack/logger.rb:24:in `block in call'
  activesupport (5.1.1) lib/active_support/tagged_logging.rb:69:in `block in tagged'
  activesupport (5.1.1) lib/active_support/tagged_logging.rb:26:in `tagged'
  activesupport (5.1.1) lib/active_support/tagged_logging.rb:69:in `tagged'
  railties (5.1.1) lib/rails/rack/logger.rb:24:in `call'
  sprockets-rails (3.2.0) lib/sprockets/rails/quiet_assets.rb:13:in `call'
  actionpack (5.1.1) lib/action_dispatch/middleware/remote_ip.rb:79:in `call'
  actionpack (5.1.1) lib/action_dispatch/middleware/request_id.rb:25:in `call'
  rack (2.0.3) lib/rack/method_override.rb:22:in `call'
  rack (2.0.3) lib/rack/runtime.rb:22:in `call'
  activesupport (5.1.1) lib/active_support/cache/strategy/local_cache_middleware.rb:27:in `call'
  actionpack (5.1.1) lib/action_dispatch/middleware/executor.rb:12:in `call'
  actionpack (5.1.1) lib/action_dispatch/middleware/static.rb:125:in `call'
  rack (2.0.3) lib/rack/sendfile.rb:111:in `call'
  railties (5.1.1) lib/rails/engine.rb:522:in `call'
  puma (3.8.2) lib/puma/configuration.rb:224:in `call'
  puma (3.8.2) lib/puma/server.rb:600:in `handle_request'
  puma (3.8.2) lib/puma/server.rb:435:in `process_client'
  puma (3.8.2) lib/puma/server.rb:299:in `block in run'
  puma (3.8.2) lib/puma/thread_pool.rb:120:in `block in spawn_thread'

Started POST "/__better_errors/a9c5dfbbb895220a/variables" for 127.0.0.1 at 2018-10-29 02:02:54 -0700
  [1m[35m (0.2ms)[0m  [1m[34mSELECT sqlite_version(*)[0m
  [1m[35m (4.7ms)[0m  [1m[35mCREATE TABLE "schema_migrations" ("version" varchar NOT NULL PRIMARY KEY)[0m
  [1m[35m (2.6ms)[0m  [1m[35mCREATE TABLE "ar_internal_metadata" ("key" varchar NOT NULL PRIMARY KEY, "value" varchar, "created_at" datetime NOT NULL, "updated_at" datetime NOT NULL)[0m
  [1m[35m (0.1ms)[0m  [1m[34mSELECT "schema_migrations"."version" FROM "schema_migrations" ORDER BY "schema_migrations"."version" ASC[0m
Migrating to CreateArticles (20181027081429)
  [1m[35m (0.1ms)[0m  [1m[36mbegin transaction[0m
  [1m[35m (0.4ms)[0m  [1m[35mCREATE TABLE "articles" ("id" INTEGER PRIMARY KEY AUTOINCREMENT NOT NULL, "name" varchar, "content" text, "in_date" datetime, "created_at" datetime NOT NULL, "updated_at" datetime NOT NULL)[0m
  [1m[35mSQL (0.1ms)[0m  [1m[32mINSERT INTO "schema_migrations" ("version") VALUES (?)[0m  [["version", "20181027081429"]]
  [1m[35m (2.5ms)[0m  [1m[36mcommit transaction[0m
  [1m[36mActiveRecord::InternalMetadata Load (0.1ms)[0m  [1m[34mSELECT  "ar_internal_metadata".* FROM "ar_internal_metadata" WHERE "ar_internal_metadata"."key" = ? LIMIT ?[0m  [["key", "environment"], ["LIMIT", 1]]
  [1m[35m (0.1ms)[0m  [1m[36mbegin transaction[0m
  [1m[35mSQL (0.6ms)[0m  [1m[32mINSERT INTO "ar_internal_metadata" ("key", "value", "created_at", "updated_at") VALUES (?, ?, ?, ?)[0m  [["key", "environment"], ["value", "development"], ["created_at", "2018-10-29 09:04:15.726441"], ["updated_at", "2018-10-29 09:04:15.726441"]]
  [1m[35m (1.9ms)[0m  [1m[36mcommit transaction[0m
  [1m[35m (0.2ms)[0m  [1m[34mSELECT "schema_migrations"."version" FROM "schema_migrations" ORDER BY "schema_migrations"."version" ASC[0m
Started GET "/" for 127.0.0.1 at 2018-10-29 02:04:33 -0700
  [1m[35m (0.1ms)[0m  [1m[34mSELECT "schema_migrations"."version" FROM "schema_migrations" ORDER BY "schema_migrations"."version" ASC[0m
Processing by VisitorsController#index as HTML
  Rendering visitors/index.html.erb within layouts/application
  Rendered visitors/index.html.erb within layouts/application (3.7ms)
  Rendered layouts/_navigation_links.html.erb (0.7ms) [cache miss]
  Rendered layouts/_navigation.html.erb (3.0ms) [cache miss]
  Rendered layouts/_messages.html.erb (0.6ms) [cache miss]
Completed 200 OK in 6388ms (Views: 6378.8ms | ActiveRecord: 0.0ms)


Started GET "/articles" for 127.0.0.1 at 2018-10-29 02:04:43 -0700
Processing by ArticlesController#index as HTML
  Rendering articles/index.html.erb within layouts/application
  [1m[36mArticle Load (1.7ms)[0m  [1m[34mSELECT  "articles".* FROM "articles" ORDER BY RANDOM() LIMIT ?[0m  [["LIMIT", 5]]
  Rendered articles/index.html.erb within layouts/application (6.2ms)
  Rendered layouts/_navigation_links.html.erb (0.6ms) [cache miss]
  Rendered layouts/_navigation.html.erb (1.4ms) [cache miss]
  Rendered layouts/_messages.html.erb (0.3ms) [cache miss]
Completed 200 OK in 54ms (Views: 45.2ms | ActiveRecord: 2.3ms)


Started GET "/articles/new" for 127.0.0.1 at 2018-10-29 02:04:44 -0700
Processing by ArticlesController#new as HTML
  Rendering articles/new.html.erb within layouts/application
  Rendered articles/_form.html.erb (569.5ms) [cache miss]
  Rendered articles/new.html.erb within layouts/application (571.9ms)
  Rendered layouts/_navigation_links.html.erb (0.7ms) [cache miss]
  Rendered layouts/_navigation.html.erb (1.9ms) [cache miss]
  Rendered layouts/_messages.html.erb (0.6ms) [cache miss]
Completed 200 OK in 653ms (Views: 645.8ms | ActiveRecord: 0.4ms)


Started GET "/articles" for 127.0.0.1 at 2018-10-29 02:04:47 -0700
Processing by ArticlesController#index as HTML
  Rendering articles/index.html.erb within layouts/application
  [1m[36mArticle Load (0.3ms)[0m  [1m[34mSELECT  "articles".* FROM "articles" ORDER BY RANDOM() LIMIT ?[0m  [["LIMIT", 5]]
  Rendered articles/index.html.erb within layouts/application (2.6ms)
  Rendered layouts/_navigation_links.html.erb (0.5ms) [cache miss]
  Rendered layouts/_navigation.html.erb (3.6ms) [cache miss]
  Rendered layouts/_messages.html.erb (0.3ms) [cache miss]
Completed 200 OK in 64ms (Views: 61.8ms | ActiveRecord: 0.3ms)


Started GET "/articles/new" for 127.0.0.1 at 2018-10-29 02:04:48 -0700
Processing by ArticlesController#new as HTML
  Rendering articles/new.html.erb within layouts/application
  Rendered articles/_form.html.erb (4.3ms) [cache miss]
  Rendered articles/new.html.erb within layouts/application (6.0ms)
  Rendered layouts/_navigation_links.html.erb (0.4ms) [cache miss]
  Rendered layouts/_navigation.html.erb (1.3ms) [cache miss]
  Rendered layouts/_messages.html.erb (0.3ms) [cache miss]
Completed 200 OK in 51ms (Views: 49.8ms | ActiveRecord: 0.0ms)


Started POST "/articles" for 127.0.0.1 at 2018-10-29 02:05:06 -0700
  [1m[35m (0.2ms)[0m  [1m[34mSELECT "schema_migrations"."version" FROM "schema_migrations" ORDER BY "schema_migrations"."version" ASC[0m
Processing by ArticlesController#create as HTML
  Parameters: {"utf8"=>"✓", "authenticity_token"=>"eHgbe3kbe/0B1gdzHyDy8vhUF22QJDessDwYnY+JFpCPBySReN5aeUztNKW6lKBE4SEqo0jOrEd3BOE8Ws8tFw==", "article"=>{"name"=>"sdfs", "content"=>"sdfsdf", "in_date(1i)"=>"2018", "in_date(2i)"=>"10", "in_date(3i)"=>"29", "in_date(4i)"=>"09", "in_date(5i)"=>"04"}, "commit"=>"Create Article"}
  [1m[35m (0.1ms)[0m  [1m[36mbegin transaction[0m
  [1m[35m (0.1ms)[0m  [1m[31mrollback transaction[0m
  Rendering articles/new.html.erb within layouts/application
  Rendered articles/_form.html.erb (17.0ms) [cache miss]
  Rendered articles/new.html.erb within layouts/application (19.6ms)
  Rendered layouts/_navigation_links.html.erb (0.5ms) [cache miss]
  Rendered layouts/_navigation.html.erb (1.5ms) [cache miss]
  Rendered layouts/_messages.html.erb (1.0ms) [cache miss]
Completed 200 OK in 805ms (Views: 301.2ms | ActiveRecord: 0.6ms)


Started POST "/articles" for 127.0.0.1 at 2018-10-29 02:05:10 -0700
Processing by ArticlesController#create as HTML
  Parameters: {"utf8"=>"✓", "authenticity_token"=>"oE2wB17iBsvAgxsW6KfSJLYOoRa3b1qyyTtWkzLgzOLtA3ygQ7tRP3T5aatO37KBs9LgR6+x0F3SdCxmHoa+NA==", "article"=>{"name"=>"sdfssdf", "content"=>"sdfsdf", "in_date(1i)"=>"2018", "in_date(2i)"=>"10", "in_date(3i)"=>"29", "in_date(4i)"=>"09", "in_date(5i)"=>"04"}, "commit"=>"Create Article"}
  [1m[35m (0.1ms)[0m  [1m[36mbegin transaction[0m
  [1m[35mSQL (2.8ms)[0m  [1m[32mINSERT INTO "articles" ("name", "content", "in_date", "created_at", "updated_at") VALUES (?, ?, ?, ?, ?)[0m  [["name", "sdfssdf"], ["content", "sdfsdf"], ["in_date", "2018-10-29 09:04:00"], ["created_at", "2018-10-29 09:05:10.338683"], ["updated_at", "2018-10-29 09:05:10.338683"]]
  [1m[35m (4.1ms)[0m  [1m[36mcommit transaction[0m
Redirected to http://localhost:3000/articles/1
Completed 302 Found in 18ms (ActiveRecord: 7.4ms)


Started GET "/articles/1" for 127.0.0.1 at 2018-10-29 02:05:10 -0700
Processing by ArticlesController#show as HTML
  Parameters: {"id"=>"1"}
  [1m[36mArticle Load (0.6ms)[0m  [1m[34mSELECT  "articles".* FROM "articles" WHERE "articles"."id" = ? LIMIT ?[0m  [["id", 1], ["LIMIT", 1]]
  Rendering articles/show.html.erb within layouts/application
  Rendered articles/show.html.erb within layouts/application (1.3ms)
  Rendered layouts/_navigation_links.html.erb (0.4ms) [cache miss]
  Rendered layouts/_navigation.html.erb (1.4ms) [cache miss]
  Rendered layouts/_messages.html.erb (0.3ms) [cache miss]
Completed 200 OK in 63ms (Views: 52.7ms | ActiveRecord: 0.6ms)


Started GET "/articles" for 127.0.0.1 at 2018-10-29 02:05:12 -0700
Processing by ArticlesController#index as HTML
  Rendering articles/index.html.erb within layouts/application
  [1m[36mArticle Load (0.2ms)[0m  [1m[34mSELECT  "articles".* FROM "articles" ORDER BY RANDOM() LIMIT ?[0m  [["LIMIT", 5]]
  Rendered articles/index.html.erb within layouts/application (2.3ms)
  Rendered layouts/_navigation_links.html.erb (0.4ms) [cache miss]
  Rendered layouts/_navigation.html.erb (1.2ms) [cache miss]
  Rendered layouts/_messages.html.erb (0.3ms) [cache miss]
Completed 200 OK in 58ms (Views: 56.2ms | ActiveRecord: 0.2ms)


  [1m[35m (0.2ms)[0m  [1m[34mSELECT "schema_migrations"."version" FROM "schema_migrations" ORDER BY "schema_migrations"."version" ASC[0m
  [1m[36mActiveRecord::InternalMetadata Load (0.1ms)[0m  [1m[34mSELECT  "ar_internal_metadata".* FROM "ar_internal_metadata" WHERE "ar_internal_metadata"."key" = ? LIMIT ?[0m  [["key", "environment"], ["LIMIT", 1]]
  [1m[35m (0.1ms)[0m  [1m[36mbegin transaction[0m
  [1m[35m (0.0ms)[0m  [1m[36mcommit transaction[0m
  [1m[35m (0.1ms)[0m  [1m[34mSELECT "schema_migrations"."version" FROM "schema_migrations" ORDER BY "schema_migrations"."version" ASC[0m
Started GET "/" for 127.0.0.1 at 2018-10-29 02:54:25 -0700
  [1m[35m (0.1ms)[0m  [1m[34mSELECT "schema_migrations"."version" FROM "schema_migrations" ORDER BY "schema_migrations"."version" ASC[0m
Processing by VisitorsController#index as HTML
  Rendering visitors/index.html.erb within layouts/application
  Rendered visitors/index.html.erb within layouts/application (2.6ms)
  Rendered layouts/_navigation_links.html.erb (0.7ms) [cache miss]
  Rendered layouts/_navigation.html.erb (2.8ms) [cache miss]
  Rendered layouts/_messages.html.erb (0.5ms) [cache miss]
Completed 200 OK in 465ms (Views: 456.1ms | ActiveRecord: 0.0ms)


Started GET "/articles" for 127.0.0.1 at 2018-10-29 02:54:29 -0700
Processing by ArticlesController#index as HTML
  Rendering articles/index.html.erb within layouts/application
  [1m[36mArticle Load (0.3ms)[0m  [1m[34mSELECT  "articles".* FROM "articles" ORDER BY RANDOM() LIMIT ?[0m  [["LIMIT", 5]]
  Rendered articles/index.html.erb within layouts/application (17.6ms)
  Rendered layouts/_navigation_links.html.erb (0.4ms) [cache miss]
  Rendered layouts/_navigation.html.erb (1.1ms) [cache miss]
  Rendered layouts/_messages.html.erb (0.5ms) [cache miss]
Completed 200 OK in 81ms (Views: 72.4ms | ActiveRecord: 1.4ms)


  [1m[35m (0.1ms)[0m  [1m[34mSELECT "schema_migrations"."version" FROM "schema_migrations" ORDER BY "schema_migrations"."version" ASC[0m
  [1m[36mActiveRecord::InternalMetadata Load (0.1ms)[0m  [1m[34mSELECT  "ar_internal_metadata".* FROM "ar_internal_metadata" WHERE "ar_internal_metadata"."key" = ? LIMIT ?[0m  [["key", "environment"], ["LIMIT", 1]]
  [1m[35m (0.0ms)[0m  [1m[36mbegin transaction[0m
  [1m[35m (0.0ms)[0m  [1m[36mcommit transaction[0m
  [1m[35m (0.1ms)[0m  [1m[34mSELECT "schema_migrations"."version" FROM "schema_migrations" ORDER BY "schema_migrations"."version" ASC[0m
Started GET "/" for 127.0.0.1 at 2018-10-29 03:17:26 -0700
  [1m[35m (0.1ms)[0m  [1m[34mSELECT "schema_migrations"."version" FROM "schema_migrations" ORDER BY "schema_migrations"."version" ASC[0m
Processing by VisitorsController#index as HTML
  Rendering visitors/index.html.erb within layouts/application
  Rendered visitors/index.html.erb within layouts/application (3.9ms)
  Rendered layouts/_navigation_links.html.erb (0.7ms) [cache miss]
  Rendered layouts/_navigation.html.erb (2.8ms) [cache miss]
  Rendered layouts/_messages.html.erb (0.6ms) [cache miss]
Completed 200 OK in 457ms (Views: 447.7ms | ActiveRecord: 0.0ms)


Started GET "/articles/new" for 127.0.0.1 at 2018-10-29 03:17:32 -0700
Processing by ArticlesController#new as HTML
  Rendering articles/new.html.erb within layouts/application
  Rendered articles/_form.html.erb (439.6ms) [cache miss]
  Rendered articles/new.html.erb within layouts/application (441.2ms)
  Rendered layouts/_navigation_links.html.erb (0.3ms) [cache miss]
  Rendered layouts/_navigation.html.erb (1.2ms) [cache miss]
  Rendered layouts/_messages.html.erb (0.3ms) [cache miss]
Completed 200 OK in 488ms (Views: 476.4ms | ActiveRecord: 1.0ms)


Started GET "/articles" for 127.0.0.1 at 2018-10-29 03:17:34 -0700
Processing by ArticlesController#index as HTML
  Rendering articles/index.html.erb within layouts/application
  [1m[36mArticle Load (0.3ms)[0m  [1m[34mSELECT  "articles".* FROM "articles" ORDER BY RANDOM() LIMIT ?[0m  [["LIMIT", 5]]
  Rendered articles/index.html.erb within layouts/application (3.5ms)
  Rendered layouts/_navigation_links.html.erb (0.4ms) [cache miss]
  Rendered layouts/_navigation.html.erb (1.3ms) [cache miss]
  Rendered layouts/_messages.html.erb (0.4ms) [cache miss]
Completed 200 OK in 57ms (Views: 54.2ms | ActiveRecord: 0.3ms)


Started GET "/articles/1" for 127.0.0.1 at 2018-10-29 03:17:40 -0700
Processing by ArticlesController#show as HTML
  Parameters: {"id"=>"1"}
  [1m[36mArticle Load (0.3ms)[0m  [1m[34mSELECT  "articles".* FROM "articles" WHERE "articles"."id" = ? LIMIT ?[0m  [["id", 1], ["LIMIT", 1]]
  Rendering articles/show.html.erb within layouts/application
  Rendered articles/show.html.erb within layouts/application (4.3ms)
  Rendered layouts/_navigation_links.html.erb (1.1ms) [cache miss]
  Rendered layouts/_navigation.html.erb (3.7ms) [cache miss]
  Rendered layouts/_messages.html.erb (1.3ms) [cache miss]
Completed 200 OK in 78ms (Views: 72.3ms | ActiveRecord: 0.3ms)


Started GET "/articles" for 127.0.0.1 at 2018-10-29 03:17:41 -0700
Processing by ArticlesController#index as HTML
  Rendering articles/index.html.erb within layouts/application
  [1m[36mArticle Load (0.4ms)[0m  [1m[34mSELECT  "articles".* FROM "articles" ORDER BY RANDOM() LIMIT ?[0m  [["LIMIT", 5]]
  Rendered articles/index.html.erb within layouts/application (4.2ms)
  Rendered layouts/_navigation_links.html.erb (1.0ms) [cache miss]
  Rendered layouts/_navigation.html.erb (3.1ms) [cache miss]
  Rendered layouts/_messages.html.erb (1.6ms) [cache miss]
Completed 200 OK in 79ms (Views: 77.2ms | ActiveRecord: 0.4ms)


Started GET "/articles/1/edit" for 127.0.0.1 at 2018-10-29 03:17:44 -0700
Processing by ArticlesController#edit as HTML
  Parameters: {"id"=>"1"}
  [1m[36mArticle Load (0.3ms)[0m  [1m[34mSELECT  "articles".* FROM "articles" WHERE "articles"."id" = ? LIMIT ?[0m  [["id", 1], ["LIMIT", 1]]
  Rendering articles/edit.html.erb within layouts/application
  Rendered articles/_form.html.erb (6.9ms) [cache miss]
  Rendered articles/edit.html.erb within layouts/application (8.9ms)
  Rendered layouts/_navigation_links.html.erb (0.4ms) [cache miss]
  Rendered layouts/_navigation.html.erb (1.2ms) [cache miss]
  Rendered layouts/_messages.html.erb (0.3ms) [cache miss]
Completed 200 OK in 80ms (Views: 76.8ms | ActiveRecord: 0.3ms)


Started GET "/articles" for 127.0.0.1 at 2018-10-29 03:55:46 -0700
  [1m[35m (0.2ms)[0m  [1m[34mSELECT "schema_migrations"."version" FROM "schema_migrations" ORDER BY "schema_migrations"."version" ASC[0m
Processing by ArticlesController#index as HTML
  Rendering articles/index.html.erb within layouts/application
  [1m[36mArticle Load (0.7ms)[0m  [1m[34mSELECT  "articles".* FROM "articles" ORDER BY RANDOM() LIMIT ?[0m  [["LIMIT", 5]]
  Rendered articles/index.html.erb within layouts/application (15.2ms)
  Rendered layouts/_navigation_links.html.erb (1.9ms) [cache miss]
  Rendered layouts/_navigation.html.erb (4.5ms) [cache miss]
  Rendered layouts/_messages.html.erb (0.6ms) [cache miss]
Completed 200 OK in 492ms (Views: 473.3ms | ActiveRecord: 2.0ms)


  [1m[35m (0.1ms)[0m  [1m[34mSELECT "schema_migrations"."version" FROM "schema_migrations" ORDER BY "schema_migrations"."version" ASC[0m
  [1m[36mActiveRecord::InternalMetadata Load (0.2ms)[0m  [1m[34mSELECT  "ar_internal_metadata".* FROM "ar_internal_metadata" WHERE "ar_internal_metadata"."key" = ? LIMIT ?[0m  [["key", "environment"], ["LIMIT", 1]]
  [1m[35m (0.1ms)[0m  [1m[36mbegin transaction[0m
  [1m[35m (0.0ms)[0m  [1m[36mcommit transaction[0m
  [1m[35m (0.1ms)[0m  [1m[34mSELECT "schema_migrations"."version" FROM "schema_migrations" ORDER BY "schema_migrations"."version" ASC[0m
Started GET "/articles" for 127.0.0.1 at 2018-10-29 04:02:18 -0700
  [1m[35m (0.2ms)[0m  [1m[34mSELECT "schema_migrations"."version" FROM "schema_migrations" ORDER BY "schema_migrations"."version" ASC[0m
Processing by ArticlesController#index as HTML
  Rendering articles/index.html.erb within layouts/application
  [1m[36mArticle Load (0.6ms)[0m  [1m[34mSELECT  "articles".* FROM "articles" ORDER BY RANDOM() LIMIT ?[0m  [["LIMIT", 5]]
  Rendered articles/index.html.erb within layouts/application (13.5ms)
  Rendered layouts/_navigation_links.html.erb (1.5ms) [cache miss]
  Rendered layouts/_navigation.html.erb (5.0ms) [cache miss]
  Rendered layouts/_messages.html.erb (0.6ms) [cache miss]
Completed 200 OK in 466ms (Views: 444.9ms | ActiveRecord: 1.9ms)


Started GET "/articles/1" for 127.0.0.1 at 2018-10-29 04:02:20 -0700
Processing by ArticlesController#show as HTML
  Parameters: {"id"=>"1"}
  [1m[36mArticle Load (0.4ms)[0m  [1m[34mSELECT  "articles".* FROM "articles" WHERE "articles"."id" = ? LIMIT ?[0m  [["id", 1], ["LIMIT", 1]]
  Rendering articles/show.html.erb within layouts/application
  Rendered articles/show.html.erb within layouts/application (3.2ms)
  Rendered layouts/_navigation_links.html.erb (0.7ms) [cache miss]
  Rendered layouts/_navigation.html.erb (2.2ms) [cache miss]
  Rendered layouts/_messages.html.erb (0.9ms) [cache miss]
Completed 200 OK in 88ms (Views: 79.1ms | ActiveRecord: 0.6ms)


Started GET "/articles" for 127.0.0.1 at 2018-10-29 04:02:21 -0700
Processing by ArticlesController#index as HTML
  Rendering articles/index.html.erb within layouts/application
  [1m[36mArticle Load (0.6ms)[0m  [1m[34mSELECT  "articles".* FROM "articles" ORDER BY RANDOM() LIMIT ?[0m  [["LIMIT", 5]]
  Rendered articles/index.html.erb within layouts/application (3.9ms)
  Rendered layouts/_navigation_links.html.erb (1.3ms) [cache miss]
  Rendered layouts/_navigation.html.erb (4.2ms) [cache miss]
  Rendered layouts/_messages.html.erb (0.4ms) [cache miss]
Completed 200 OK in 66ms (Views: 64.0ms | ActiveRecord: 0.6ms)


